Command line:
   VENDINGMACHINETB_isim_beh.exe
     -simmode  gui
     -simrunnum  0
     -socket  6778

Fri Dec 01 17:41:13 2017


 Elaboration Time: 0.03125 sec

 Current Memory Usage: 1038.08 Meg

 Total Signals          : 18
 Total Nets             : 17
 Total Signal Drivers   : 11
 Total Blocks           : 4
 Total Primitive Blocks : 3
 Total Processes        : 4
 Total Traceable Variables  : 11
 Total Scalar Nets and Variables : 396
Total Line Count : 54

 Total Simulation Time: 0.21875 sec

 Current Memory Usage: 1038.08 Meg

Fri Dec 01 17:41:40 2017

