--------------------------------------------------------------------------------
Release 14.7 Trace  (nt64)
Copyright (c) 1995-2013 Xilinx, Inc.  All rights reserved.

C:\Xilinx\14.7\ISE_DS\ISE\bin\nt64\unwrapped\trce.exe -intstyle ise -v 3 -s 4
-n 3 -fastpaths -xml VENDINGMACHINE.twx VENDINGMACHINE.ncd -o
VENDINGMACHINE.twr VENDINGMACHINE.pcf

Design file:              VENDINGMACHINE.ncd
Physical constraint file: VENDINGMACHINE.pcf
Device,package,speed:     xc3s500e,fg320,-4 (PRODUCTION 1.27 2013-10-13)
Report level:             verbose report

Environment Variable      Effect 
--------------------      ------ 
NONE                      No environment variables were set
--------------------------------------------------------------------------------

INFO:Timing:2698 - No timing constraints found, doing default enumeration.
INFO:Timing:3412 - To improve timing, see the Timing Closure User Guide (UG612).
INFO:Timing:2752 - To get complete path coverage, use the unconstrained paths 
   option. All paths that are not constrained will be reported in the 
   unconstrained paths section(s) of the report.
INFO:Timing:3339 - The clock-to-out numbers in this timing report are based on 
   a 50 Ohm transmission line loading model.  For the details of this model, 
   and for more information on accounting for different loading conditions, 
   please see the device datasheet.
INFO:Timing:3390 - This architecture does not support a default System Jitter 
   value, please add SYSTEM_JITTER constraint to the UCF to modify the Clock 
   Uncertainty calculation.
INFO:Timing:3389 - This architecture does not support 'Discrete Jitter' and 
   'Phase Error' calculations, these terms will be zero in the Clock 
   Uncertainty calculation.  Please make appropriate modification to 
   SYSTEM_JITTER to account for the unsupported Discrete Jitter and Phase 
   Error.



Data Sheet report:
-----------------
All values displayed in nanoseconds (ns)

Setup/Hold to clock CLOCK
------------+------------+------------+------------------+--------+
            |Max Setup to|Max Hold to |                  | Clock  |
Source      | clk (edge) | clk (edge) |Internal Clock(s) | Phase  |
------------+------------+------------+------------------+--------+
C<0>        |    4.633(R)|    0.042(R)|CLOCK_BUFGP       |   0.000|
C<1>        |    4.403(R)|    0.227(R)|CLOCK_BUFGP       |   0.000|
C<2>        |    4.354(R)|    0.266(R)|CLOCK_BUFGP       |   0.000|
P<1>        |    0.550(R)|    1.272(R)|CLOCK_BUFGP       |   0.000|
P<2>        |    1.144(R)|    1.025(R)|CLOCK_BUFGP       |   0.000|
RESET       |    2.216(R)|    1.263(R)|CLOCK_BUFGP       |   0.000|
S           |    0.367(R)|    0.934(R)|CLOCK_BUFGP       |   0.000|
------------+------------+------------+------------------+--------+

Clock CLOCK to Pad
------------+------------+------------------+--------+
            | clk (edge) |                  | Clock  |
Destination |   to PAD   |Internal Clock(s) | Phase  |
------------+------------+------------------+--------+
PRODUCT<1>  |    7.233(R)|CLOCK_BUFGP       |   0.000|
PRODUCT<2>  |    7.778(R)|CLOCK_BUFGP       |   0.000|
R<0>        |    8.056(R)|CLOCK_BUFGP       |   0.000|
R<1>        |    7.772(R)|CLOCK_BUFGP       |   0.000|
------------+------------+------------------+--------+

Clock to Setup on destination clock CLOCK
---------------+---------+---------+---------+---------+
               | Src:Rise| Src:Fall| Src:Rise| Src:Fall|
Source Clock   |Dest:Rise|Dest:Rise|Dest:Fall|Dest:Fall|
---------------+---------+---------+---------+---------+
CLOCK          |    5.008|         |         |         |
---------------+---------+---------+---------+---------+


Analysis completed Fri Dec 01 16:41:44 2017 
--------------------------------------------------------------------------------

Trace Settings:
-------------------------
Trace Settings 

Peak Memory Usage: 217 MB



